# mur		muf		alpsfact	dynamical_scale	pdf		cross-section
1.0		1.0		1.0		-1		15990		0.0014418655835766359
0.5		0.5		1.0		-1		15990		0.0014492019808529735
0.5		0.5		1.0		1		15990		0.0014544503371621083
0.5		0.5		1.0		2		15990		0.0014541987878099335
0.5		0.5		1.0		3		15990		0.0014574970335654066
0.5		0.5		1.0		4		15990		0.0014492019808496487
0.5		1.0		1.0		-1		15990		0.0014418655835766359
0.5		1.0		1.0		1		15990		0.0014490262608327657
0.5		1.0		1.0		2		15990		0.0014486390086721021
0.5		1.0		1.0		3		15990		0.0014541987878099335
0.5		1.0		1.0		4		15990		0.0014418655835723897
0.5		2.0		1.0		-1		15990		0.0014327350574083496
0.5		2.0		1.0		1		15990		0.0014417602690520838
0.5		2.0		1.0		2		15990		0.001441226066933718
0.5		2.0		1.0		3		15990		0.0014486390086721021
0.5		2.0		1.0		4		15990		0.0014327350574030331
1.0		0.5		1.0		-1		15990		0.0014492019808529735
1.0		0.5		1.0		1		15990		0.0014544503371621083
1.0		0.5		1.0		2		15990		0.0014541987878099335
1.0		0.5		1.0		3		15990		0.0014574970335654066
1.0		0.5		1.0		4		15990		0.0014492019808496487
1.0		1.0		1.0		1		15990		0.0014490262608327657
1.0		1.0		1.0		2		15990		0.0014486390086721021
1.0		1.0		1.0		3		15990		0.0014541987878099335
1.0		1.0		1.0		4		15990		0.0014418655835723897
1.0		2.0		1.0		-1		15990		0.0014327350574083496
1.0		2.0		1.0		1		15990		0.0014417602690520838
1.0		2.0		1.0		2		15990		0.001441226066933718
1.0		2.0		1.0		3		15990		0.0014486390086721021
1.0		2.0		1.0		4		15990		0.0014327350574030331
2.0		0.5		1.0		-1		15990		0.0014492019808529735
2.0		0.5		1.0		1		15990		0.0014544503371621083
2.0		0.5		1.0		2		15990		0.0014541987878099335
2.0		0.5		1.0		3		15990		0.0014574970335654066
2.0		0.5		1.0		4		15990		0.0014492019808496487
2.0		1.0		1.0		-1		15990		0.0014418655835766359
2.0		1.0		1.0		1		15990		0.0014490262608327657
2.0		1.0		1.0		2		15990		0.0014486390086721021
2.0		1.0		1.0		3		15990		0.0014541987878099335
2.0		1.0		1.0		4		15990		0.0014418655835723897
2.0		2.0		1.0		-1		15990		0.0014327350574083496
2.0		2.0		1.0		1		15990		0.0014417602690520838
2.0		2.0		1.0		2		15990		0.001441226066933718
2.0		2.0		1.0		3		15990		0.0014486390086721021
2.0		2.0		1.0		4		15990		0.0014327350574030331
1.0		1.0		1.0		-1		15990		0.0014418655835766359
1.0		1.0		1.0		-1		15991		0.001428203962313357
1.0		1.0		1.0		-1		15992		0.0014427106224981295

#***************************************************************************
#
# original cross-section: 0.0014418655835766359
#     scale variation: +0.509% -0.633%
#     central scheme variation: +0.855% -2.94e-10%
# PDF variation: +0.955% -0.955%
#
# dynamical scheme # 1 : 0.00144903 +0.374% -0.501% # \sum ET
# dynamical scheme # 2 : 0.00144864 +0.384% -0.512% # \sum\sqrt{m^2+pt^2}
# dynamical scheme # 3 : 0.0014542 +0.227% -0.382% # 0.5 \sum\sqrt{m^2+pt^2}
# dynamical scheme # 4 : 0.00144187 +0.509% -0.633% # \sqrt{\hat s}
#***************************************************************************
